Arguments: 
  /home/vezentini/.nvm/versions/node/v18.12.1/bin/node /home/vezentini/.cache/node/corepack/yarn/1.22.19/bin/yarn.js add bodyParser

PATH: 
  /home/linuxbrew/.linuxbrew/bin:/home/linuxbrew/.linuxbrew/sbin:/home/vezentini/.vscode-server/bin/863d2581ecda6849923a2118d93a088b0745d9d6/bin/remote-cli:/home/linuxbrew/.linuxbrew/bin:/home/linuxbrew/.linuxbrew/sbin:/home/vezentini/.nvm/versions/node/v18.12.1/bin:/usr/local/sbin:/usr/local/bin:/usr/sbin:/usr/bin:/sbin:/bin:/usr/games:/usr/local/games:/usr/lib/wsl/lib:/mnt/c/Ruby32-x64/bin:/mnt/c/Program Files (x86)/Common Files/Oracle/Java/javapath:/mnt/c/WINDOWS/system32:/mnt/c/WINDOWS:/mnt/c/WINDOWS/System32/Wbem:/mnt/c/WINDOWS/System32/WindowsPowerShell/v1.0/:/mnt/c/WINDOWS/System32/OpenSSH/:/mnt/c/Program Files/Git/cmd:/mnt/c/Users/gusta/OneDrive/Documentos/flutter/bin:/mnt/c/Program Files/Docker/Docker/resources/bin:/mnt/c/Program Files/nodejs/:/mnt/c/Users/gusta/AppData/Local/Microsoft/WindowsApps:/mnt/c/Users/gusta/AppData/Local/Programs/Microsoft VS Code/bin:/mnt/c/Users/gusta/OneDrive/Documentos/flutter/bin:/mnt/c/Users/gusta/AppData/Roaming/npm:/snap/bin

Yarn version: 
  1.22.19

Node version: 
  18.12.1

Platform: 
  linux x64

Trace: 
  Error: https://registry.npmjs.org/bodyParser: Not found
      at params.callback [as _callback] (/home/vezentini/.cache/node/corepack/yarn/1.22.19/lib/cli.js:66145:18)
      at self.callback (/home/vezentini/.cache/node/corepack/yarn/1.22.19/lib/cli.js:140890:22)
      at Request.emit (node:events:513:28)
      at Request.<anonymous> (/home/vezentini/.cache/node/corepack/yarn/1.22.19/lib/cli.js:141862:10)
      at Request.emit (node:events:513:28)
      at IncomingMessage.<anonymous> (/home/vezentini/.cache/node/corepack/yarn/1.22.19/lib/cli.js:141784:12)
      at Object.onceWrapper (node:events:627:28)
      at IncomingMessage.emit (node:events:525:35)
      at endReadableNT (node:internal/streams/readable:1359:12)
      at process.processTicksAndRejections (node:internal/process/task_queues:82:21)

npm manifest: 
  {
    "name": "aqui",
    "version": "1.0.0",
    "main": "./src/index.ts",
    "license": "MIT",
    "scripts": {
      "dev": "nodemon --watch \"src/**\" --ext \"ts,json\" --exec \"ts-node ./src/index.ts\"",
      "build": "tsc",
      "start": "node ./dist/index.js"
    },
    "dependencies": {
      "@types/cors": "^2.8.17",
      "@types/express": "^4.17.21",
      "@types/node": "^20.11.26",
      "cors": "^2.8.5",
      "express": "^4.18.3",
      "mongoose": "^8.2.1",
      "multer": "^1.4.5-lts.1",
      "typescript": "^5.4.2",
      "uuid": "^9.0.1"
    },
    "devDependencies": {
      "@types/mongoose": "^5.11.97",
      "@types/multer": "^1.4.11",
      "@types/uuid": "^9.0.8",
      "nodemon": "^3.1.0",
      "ts-node": "^10.9.2"
    }
  }

yarn manifest: 
  No manifest

Lockfile: 
  No lockfile
